<?xml version="1.0" encoding="UTF-8"?>
<!-- Generated by org.testng.reporters.JUnitReportReporter -->
<testsuite skipped="0" hostname="JSUjo-PC" name="com.rh.testCases.TC_VirTerm211_032" tests="1" failures="0" timestamp="11 Dec 2019 17:39:49 GMT" time="3.542" errors="0">
  <testcase name="SearchRep" time="3.542" classname="com.rh.testCases.TC_VirTerm211_032"/>
</testsuite> <!-- com.rh.testCases.TC_VirTerm211_032 -->
