<?xml version="1.0" encoding="UTF-8"?>
<!-- Generated by org.testng.reporters.JUnitReportReporter -->
<testsuite skipped="0" hostname="JSUjo-PC" name="com.rh.testCases.TC_Type682_011" tests="1" failures="0" timestamp="11 Dec 2019 15:14:47 GMT" time="15.167" errors="0">
  <testcase name="SearchRep" time="15.167" classname="com.rh.testCases.TC_Type682_011"/>
</testsuite> <!-- com.rh.testCases.TC_Type682_011 -->
