<?xml version="1.0" encoding="UTF-8"?>
<!-- Generated by org.testng.reporters.JUnitReportReporter -->
<testsuite skipped="0" hostname="JSUjo-PC" name="com.rh.testCases.TC_PartialMerchant494_018" tests="1" failures="0" timestamp="11 Dec 2019 17:21:21 GMT" time="7.187" errors="0">
  <testcase name="addMerchant" time="7.187" classname="com.rh.testCases.TC_PartialMerchant494_018"/>
</testsuite> <!-- com.rh.testCases.TC_PartialMerchant494_018 -->
