<?xml version="1.0" encoding="UTF-8"?>
<!-- Generated by org.testng.reporters.JUnitReportReporter -->
<testsuite skipped="0" hostname="JSUjo-PC" name="com.rh.testCases.TC_Merchant493_019" tests="1" failures="0" timestamp="11 Dec 2019 17:20:41 GMT" time="16.480" errors="0">
  <testcase name="addMerchant" time="16.480" classname="com.rh.testCases.TC_Merchant493_019"/>
</testsuite> <!-- com.rh.testCases.TC_Merchant493_019 -->
