<?xml version="1.0" encoding="UTF-8"?>
<!-- Generated by org.testng.reporters.JUnitReportReporter -->
<testsuite skipped="0" hostname="JSUjo-PC" name="com.rh.testCases.TC_EditScript496_017" tests="1" failures="0" timestamp="11 Dec 2019 17:15:34 GMT" time="14.352" errors="0">
  <testcase name="addMerchant" time="14.352" classname="com.rh.testCases.TC_EditScript496_017"/>
</testsuite> <!-- com.rh.testCases.TC_EditScript496_017 -->
