<?xml version="1.0" encoding="UTF-8"?>
<!-- Generated by org.testng.reporters.JUnitReportReporter -->
<testsuite skipped="0" hostname="JSUjo-PC" name="com.rh.testCases.TC_TakePaymentTest_002" tests="1" failures="0" timestamp="11 Dec 2019 15:14:47 GMT" time="17.166" errors="0">
  <testcase name="addPayment" time="17.166" classname="com.rh.testCases.TC_TakePaymentTest_002"/>
</testsuite> <!-- com.rh.testCases.TC_TakePaymentTest_002 -->
