<?xml version="1.0" encoding="UTF-8"?>
<!-- Generated by org.testng.reporters.JUnitReportReporter -->
<testsuite skipped="0" hostname="JSUjo-PC" name="com.rh.testCases.TC_Gif349_023" tests="1" failures="0" timestamp="11 Dec 2019 17:26:02 GMT" time="5.045" errors="0">
  <testcase name="SearchRep" time="5.045" classname="com.rh.testCases.TC_Gif349_023"/>
</testsuite> <!-- com.rh.testCases.TC_Gif349_023 -->
