<?xml version="1.0" encoding="UTF-8"?>
<!-- Generated by org.testng.reporters.JUnitReportReporter -->
<testsuite skipped="0" hostname="JSUjo-PC" name="com.rh.testCases.TC_TranscDet235_027" tests="1" failures="0" timestamp="11 Dec 2019 17:33:22 GMT" time="20.145" errors="0">
  <testcase name="SearchRep" time="20.145" classname="com.rh.testCases.TC_TranscDet235_027"/>
</testsuite> <!-- com.rh.testCases.TC_TranscDet235_027 -->
