<?xml version="1.0" encoding="UTF-8"?>
<!-- Generated by org.testng.reporters.JUnitReportReporter -->
<testsuite skipped="0" hostname="JSUjo-PC" name="com.rh.TC_sprint18.TC_Signature599_001" tests="1" failures="0" timestamp="12 Dec 2019 15:42:36 GMT" time="13.811" errors="0">
  <testcase name="signRequest" time="13.811" classname="com.rh.TC_sprint18.TC_Signature599_001"/>
</testsuite> <!-- com.rh.TC_sprint18.TC_Signature599_001 -->
