<?xml version="1.0" encoding="UTF-8"?>
<!-- Generated by org.testng.reporters.JUnitReportReporter -->
<testsuite skipped="0" hostname="JSUjo-PC" name="com.rh.testCases.TC_ManualScript501_016" tests="1" failures="0" timestamp="11 Dec 2019 17:14:56 GMT" time="9.450" errors="0">
  <testcase name="addMerchant" time="9.450" classname="com.rh.testCases.TC_ManualScript501_016"/>
</testsuite> <!-- com.rh.testCases.TC_ManualScript501_016 -->
