<?xml version="1.0" encoding="UTF-8"?>
<!-- Generated by org.testng.reporters.JUnitReportReporter -->
<testsuite skipped="0" hostname="JSUjo-PC" name="com.rh.testCases.TC_SearchTransId231_030" tests="1" failures="0" timestamp="11 Dec 2019 17:37:39 GMT" time="7.150" errors="0">
  <testcase name="SearchRep" time="7.150" classname="com.rh.testCases.TC_SearchTransId231_030"/>
</testsuite> <!-- com.rh.testCases.TC_SearchTransId231_030 -->
