<?xml version="1.0" encoding="UTF-8"?>
<!-- Generated by org.testng.reporters.JUnitReportReporter -->
<testsuite skipped="0" hostname="JSUjo-PC" name="com.rh.testCases.TC_Merchant583_012" tests="1" failures="0" timestamp="11 Dec 2019 17:05:03 GMT" time="7.170" errors="0">
  <testcase name="addMerchant" time="7.170" classname="com.rh.testCases.TC_Merchant583_012"/>
</testsuite> <!-- com.rh.testCases.TC_Merchant583_012 -->
