<?xml version="1.0" encoding="UTF-8"?>
<!-- Generated by org.testng.reporters.JUnitReportReporter -->
<testsuite skipped="0" hostname="JSUjo-PC" name="com.rh.testCases.TC_MostRecTransc_031" tests="1" failures="0" timestamp="10 Dec 2019 15:02:00 GMT" time="19.346" errors="0">
  <testcase name="SearchRep" time="19.346" classname="com.rh.testCases.TC_MostRecTransc_031"/>
</testsuite> <!-- com.rh.testCases.TC_MostRecTransc_031 -->
