<?xml version="1.0" encoding="UTF-8"?>
<!-- Generated by org.testng.reporters.JUnitReportReporter -->
<testsuite skipped="0" hostname="JSUjo-PC" name="com.rh.testCases.TC_522PayTypeExpiry524_013" tests="1" failures="0" timestamp="05 Dec 2019 15:23:25 GMT" time="14.890" errors="0">
  <testcase name="addMerchant" time="14.890" classname="com.rh.testCases.TC_522PayTypeExpiry524_013"/>
</testsuite> <!-- com.rh.testCases.TC_522PayTypeExpiry524_013 -->
