<?xml version="1.0" encoding="UTF-8"?>
<!-- Generated by org.testng.reporters.JUnitReportReporter -->
<testsuite skipped="0" hostname="JSUjo-PC" name="com.rh.testCases.TC_AmountSearch234_028" tests="1" failures="0" timestamp="11 Dec 2019 17:34:08 GMT" time="6.747" errors="0">
  <testcase name="SearchRep" time="6.747" classname="com.rh.testCases.TC_AmountSearch234_028"/>
</testsuite> <!-- com.rh.testCases.TC_AmountSearch234_028 -->
