<?xml version="1.0" encoding="UTF-8"?>
<!-- Generated by org.testng.reporters.JUnitReportReporter -->
<testsuite skipped="0" hostname="JSUjo-PC" name="com.rh.testCases.TC_PayDecline239_024" tests="1" failures="0" timestamp="11 Dec 2019 17:27:50 GMT" time="27.070" errors="0">
  <testcase name="addPayment" time="27.070" classname="com.rh.testCases.TC_PayDecline239_024"/>
</testsuite> <!-- com.rh.testCases.TC_PayDecline239_024 -->
