<?xml version="1.0" encoding="UTF-8"?>
<!-- Generated by org.testng.reporters.JUnitReportReporter -->
<testsuite skipped="0" hostname="JSUjo-PC" name="com.rh.testCases.TC_Void237_026" tests="1" failures="0" timestamp="11 Dec 2019 17:30:33 GMT" time="9.982" errors="0">
  <testcase name="SearchRep" time="9.982" classname="com.rh.testCases.TC_Void237_026"/>
</testsuite> <!-- com.rh.testCases.TC_Void237_026 -->
