<?xml version="1.0" encoding="UTF-8"?>
<!-- Generated by org.testng.reporters.JUnitReportReporter -->
<testsuite skipped="0" hostname="JSUjo-PC" name="com.rh.testCases.TC_AddVaultPAHCF_006" tests="1" failures="0" timestamp="11 Dec 2019 15:41:54 GMT" time="13.822" errors="0">
  <testcase name="addNewVault" time="13.822" classname="com.rh.testCases.TC_AddVaultPAHCF_006"/>
</testsuite> <!-- com.rh.testCases.TC_AddVaultPAHCF_006 -->
