<?xml version="1.0" encoding="UTF-8"?>
<!-- Generated by org.testng.reporters.JUnitReportReporter -->
<testsuite skipped="0" hostname="JSUjo-PC" name="com.rh.testCases.TC_522PayType521Expiry524_013" tests="1" failures="0" timestamp="11 Dec 2019 17:12:55 GMT" time="14.796" errors="0">
  <testcase name="addMerchant" time="14.796" classname="com.rh.testCases.TC_522PayType521Expiry524_013"/>
</testsuite> <!-- com.rh.testCases.TC_522PayType521Expiry524_013 -->
