<?xml version="1.0" encoding="UTF-8"?>
<!-- Generated by org.testng.reporters.JUnitReportReporter -->
<testsuite skipped="0" hostname="JSUjo-PC" name="com.rh.testCases.TC_NameCardSearch232_029" tests="1" failures="0" timestamp="11 Dec 2019 17:34:37 GMT" time="10.120" errors="0">
  <testcase name="SearchRep" time="10.120" classname="com.rh.testCases.TC_NameCardSearch232_029"/>
</testsuite> <!-- com.rh.testCases.TC_NameCardSearch232_029 -->
