<?xml version="1.0" encoding="UTF-8"?>
<!-- Generated by org.testng.reporters.JUnitReportReporter -->
<testsuite skipped="0" hostname="JSUjo-PC" name="com.rh.testCases.TC_PartialMerchant494" tests="1" failures="0" timestamp="06 Dec 2019 16:08:12 GMT" time="7.440" errors="0">
  <testcase name="addMerchant" time="7.440" classname="com.rh.testCases.TC_PartialMerchant494"/>
</testsuite> <!-- com.rh.testCases.TC_PartialMerchant494 -->
