<?xml version="1.0" encoding="UTF-8"?>
<!-- Generated by org.testng.reporters.JUnitReportReporter -->
<testsuite skipped="0" hostname="JSUjo-PC" name="com.rh.testCases.TC_Export457_021" tests="1" failures="0" timestamp="09 Dec 2019 14:16:03 GMT" time="10.580" errors="0">
  <testcase name="SearchRep" time="10.580" classname="com.rh.testCases.TC_Export457_021"/>
</testsuite> <!-- com.rh.testCases.TC_Export457_021 -->
