<?xml version="1.0" encoding="UTF-8"?>
<!-- Generated by org.testng.reporters.JUnitReportReporter -->
<testsuite skipped="0" hostname="JSUjo-PC" name="com.rh.testCases.TC_ValuesRetained201_033" tests="1" failures="0" timestamp="11 Dec 2019 17:40:23 GMT" time="13.718" errors="0">
  <testcase name="addPayment" time="13.718" classname="com.rh.testCases.TC_ValuesRetained201_033"/>
</testsuite> <!-- com.rh.testCases.TC_ValuesRetained201_033 -->
