<?xml version="1.0" encoding="UTF-8"?>
<!-- Generated by org.testng.reporters.JUnitReportReporter -->
<testsuite skipped="0" hostname="JSUjo-PC" name="com.rh.testCases.TC_CheckRequired_009" tests="1" failures="0" timestamp="11 Dec 2019 15:54:23 GMT" time="6.526" errors="0">
  <testcase name="addPayment" time="6.526" classname="com.rh.testCases.TC_CheckRequired_009"/>
</testsuite> <!-- com.rh.testCases.TC_CheckRequired_009 -->
