<?xml version="1.0" encoding="UTF-8"?>
<!-- Generated by org.testng.reporters.JUnitReportReporter -->
<testsuite skipped="0" hostname="JSUjo-PC" name="com.rh.testCases.TC_PaymentApproved471_020" tests="1" failures="0" timestamp="11 Dec 2019 17:24:05 GMT" time="26.874" errors="0">
  <testcase name="addPayment" time="26.874" classname="com.rh.testCases.TC_PaymentApproved471_020"/>
</testsuite> <!-- com.rh.testCases.TC_PaymentApproved471_020 -->
