<?xml version="1.0" encoding="UTF-8"?>
<!-- Generated by org.testng.reporters.JUnitReportReporter -->
<testsuite skipped="0" hostname="JSUjo-PC" name="com.rh.testCases.TC_EditVault_008" tests="1" failures="0" timestamp="11 Dec 2019 15:53:24 GMT" time="13.551" errors="0">
  <testcase name="editVault" time="13.551" classname="com.rh.testCases.TC_EditVault_008"/>
</testsuite> <!-- com.rh.testCases.TC_EditVault_008 -->
