<?xml version="1.0" encoding="UTF-8"?>
<!-- Generated by org.testng.reporters.JUnitReportReporter -->
<testsuite skipped="0" hostname="JSUjo-PC" name="com.rh.testCases.TC_Delete520_014" tests="1" failures="0" timestamp="11 Dec 2019 17:14:02 GMT" time="18.832" errors="0">
  <testcase name="addMerchant" time="18.832" classname="com.rh.testCases.TC_Delete520_014"/>
</testsuite> <!-- com.rh.testCases.TC_Delete520_014 -->
