<?xml version="1.0" encoding="UTF-8"?>
<!-- Generated by org.testng.reporters.JUnitReportReporter -->
<testsuite skipped="0" hostname="JSUjo-PC" name="com.rh.testCases.TC_MostRecTransc230_031" tests="1" failures="0" timestamp="11 Dec 2019 17:38:52 GMT" time="8.080" errors="0">
  <testcase name="SearchRep" time="8.080" classname="com.rh.testCases.TC_MostRecTransc230_031"/>
</testsuite> <!-- com.rh.testCases.TC_MostRecTransc230_031 -->
